# JRE version: Java(TM) SE Runtime Environment (7.0_75-b13) (build 1.7.0_75-b13)
# Java VM: Java HotSpot(TM) 64-Bit Server VM (24.75-b04 mixed mode linux-amd64 compressed oops)
Heap
 PSYoungGen      total 233472K, used 139753K [0x00000000eaa80000, 0x0000000100000000, 0x0000000100000000)
  eden space 117248K, 100% used [0x00000000eaa80000,0x00000000f1d00000,0x00000000f1d00000)
  from space 116224K, 19% used [0x00000000f8e80000,0x00000000fa47a4e0,0x0000000100000000)
  to   space 116224K, 4% used [0x00000000f1d00000,0x00000000f22a5688,0x00000000f8e80000)
 ParOldGen       total 267776K, used 127853K [0x00000000c0000000, 0x00000000d0580000, 0x00000000eaa80000)
  object space 267776K, 47% used [0x00000000c0000000,0x00000000c7cdb518,0x00000000d0580000)
 PSPermGen       total 21504K, used 5816K [0x00000000bae00000, 0x00000000bc300000, 0x00000000c0000000)
  object space 21504K, 27% used [0x00000000bae00000,0x00000000bb3ae278,0x00000000bc300000)
GC Heap History (10 events):
Event: 14,516 GC heap after
Heap after GC invocations=11 (full 2):
 PSYoungGen      total 268800K, used 80890K [0x00000000eaa80000, 0x0000000100000000, 0x0000000100000000)
  eden space 187904K, 0% used [0x00000000eaa80000,0x00000000eaa80000,0x00000000f6200000)
  from space 80896K, 99% used [0x00000000f6200000,0x00000000fb0feb78,0x00000000fb100000)
  to   space 80896K, 0% used [0x00000000fb100000,0x00000000fb100000,0x0000000100000000)
 ParOldGen       total 178176K, used 70718K [0x00000000c0000000, 0x00000000cae00000, 0x00000000eaa80000)
  object space 178176K, 39% used [0x00000000c0000000,0x00000000c450f830,0x00000000cae00000)
 PSPermGen       total 21504K, used 5529K [0x00000000bae00000, 0x00000000bc300000, 0x00000000c0000000)
  object space 21504K, 25% used [0x00000000bae00000,0x00000000bb3665d8,0x00000000bc300000)
}
Event: 16,063 GC heap before
{Heap before GC invocations=12 (full 2):
 PSYoungGen      total 268800K, used 268794K [0x00000000eaa80000, 0x0000000100000000, 0x0000000100000000)
  eden space 187904K, 100% used [0x00000000eaa80000,0x00000000f6200000,0x00000000f6200000)
  from space 80896K, 99% used [0x00000000f6200000,0x00000000fb0feb78,0x00000000fb100000)
  to   space 80896K, 0% used [0x00000000fb100000,0x00000000fb100000,0x0000000100000000)
 ParOldGen       total 178176K, used 70718K [0x00000000c0000000, 0x00000000cae00000, 0x00000000eaa80000)
  object space 178176K, 39% used [0x00000000c0000000,0x00000000c450f830,0x00000000cae00000)
 PSPermGen       total 21504K, used 5552K [0x00000000bae00000, 0x00000000bc300000, 0x00000000c0000000)
  object space 21504K, 25% used [0x00000000bae00000,0x00000000bb36c048,0x00000000bc300000)
Event: 16,329 GC heap after
Heap after GC invocations=12 (full 2):
 PSYoungGen      total 198144K, used 80874K [0x00000000eaa80000, 0x0000000100000000, 0x0000000100000000)
  eden space 117248K, 0% used [0x00000000eaa80000,0x00000000eaa80000,0x00000000f1d00000)
  from space 80896K, 99% used [0x00000000fb100000,0x00000000ffffaad8,0x0000000100000000)
  to   space 116224K, 0% used [0x00000000f1d00000,0x00000000f1d00000,0x00000000f8e80000)
 ParOldGen       total 178176K, used 114972K [0x00000000c0000000, 0x00000000cae00000, 0x00000000eaa80000)
  object space 178176K, 64% used [0x00000000c0000000,0x00000000c7047088,0x00000000cae00000)
 PSPermGen       total 21504K, used 5552K [0x00000000bae00000, 0x00000000bc300000, 0x00000000c0000000)
  object space 21504K, 25% used [0x00000000bae00000,0x00000000bb36c048,0x00000000bc300000)
}
Event: 17,273 GC heap before
{Heap before GC invocations=13 (full 2):
 PSYoungGen      total 198144K, used 198122K [0x00000000eaa80000, 0x0000000100000000, 0x0000000100000000)
  eden space 117248K, 100% used [0x00000000eaa80000,0x00000000f1d00000,0x00000000f1d00000)
  from space 80896K, 99% used [0x00000000fb100000,0x00000000ffffaad8,0x0000000100000000)
  to   space 116224K, 0% used [0x00000000f1d00000,0x00000000f1d00000,0x00000000f8e80000)
 ParOldGen       total 178176K, used 114972K [0x00000000c0000000, 0x00000000cae00000, 0x00000000eaa80000)
  object space 178176K, 64% used [0x00000000c0000000,0x00000000c7047088,0x00000000cae00000)
 PSPermGen       total 21504K, used 5552K [0x00000000bae00000, 0x00000000bc300000, 0x00000000c0000000)
  object space 21504K, 25% used [0x00000000bae00000,0x00000000bb36c088,0x00000000bc300000)
Event: 17,529 GC heap after
Heap after GC invocations=13 (full 2):
 PSYoungGen      total 233472K, used 81335K [0x00000000eaa80000, 0x0000000100000000, 0x0000000100000000)
  eden space 117248K, 0% used [0x00000000eaa80000,0x00000000eaa80000,0x00000000f1d00000)
  from space 116224K, 69% used [0x00000000f1d00000,0x00000000f6c6df48,0x00000000f8e80000)
  to   space 116224K, 0% used [0x00000000f8e80000,0x00000000f8e80000,0x0000000100000000)
 ParOldGen       total 178176K, used 161660K [0x00000000c0000000, 0x00000000cae00000, 0x00000000eaa80000)
  object space 178176K, 90% used [0x00000000c0000000,0x00000000c9ddf0d0,0x00000000cae00000)
 PSPermGen       total 21504K, used 5552K [0x00000000bae00000, 0x00000000bc300000, 0x00000000c0000000)
  object space 21504K, 25% used [0x00000000bae00000,0x00000000bb36c088,0x00000000bc300000)
}
Event: 17,529 GC heap before
{Heap before GC invocations=14 (full 3):
 PSYoungGen      total 233472K, used 81335K [0x00000000eaa80000, 0x0000000100000000, 0x0000000100000000)
  eden space 117248K, 0% used [0x00000000eaa80000,0x00000000eaa80000,0x00000000f1d00000)
  from space 116224K, 69% used [0x00000000f1d00000,0x00000000f6c6df48,0x00000000f8e80000)
  to   space 116224K, 0% used [0x00000000f8e80000,0x00000000f8e80000,0x0000000100000000)
 ParOldGen       total 178176K, used 161660K [0x00000000c0000000, 0x00000000cae00000, 0x00000000eaa80000)
  object space 178176K, 90% used [0x00000000c0000000,0x00000000c9ddf0d0,0x00000000cae00000)
 PSPermGen       total 21504K, used 5552K [0x00000000bae00000, 0x00000000bc300000, 0x00000000c0000000)
  object space 21504K, 25% used [0x00000000bae00000,0x00000000bb36c088,0x00000000bc300000)
Event: 18,529 GC heap after
Heap after GC invocations=14 (full 3):
 PSYoungGen      total 233472K, used 0K [0x00000000eaa80000, 0x0000000100000000, 0x0000000100000000)
  eden space 117248K, 0% used [0x00000000eaa80000,0x00000000eaa80000,0x00000000f1d00000)
  from space 116224K, 0% used [0x00000000f1d00000,0x00000000f1d00000,0x00000000f8e80000)
  to   space 116224K, 0% used [0x00000000f8e80000,0x00000000f8e80000,0x0000000100000000)
 ParOldGen       total 267776K, used 123956K [0x00000000c0000000, 0x00000000d0580000, 0x00000000eaa80000)
  object space 267776K, 46% used [0x00000000c0000000,0x00000000c790d1d0,0x00000000d0580000)
 PSPermGen       total 21504K, used 5550K [0x00000000bae00000, 0x00000000bc300000, 0x00000000c0000000)
  object space 21504K, 25% used [0x00000000bae00000,0x00000000bb36b948,0x00000000bc300000)
}
Event: 19,051 GC heap before
{Heap before GC invocations=15 (full 3):
 PSYoungGen      total 233472K, used 117248K [0x00000000eaa80000, 0x0000000100000000, 0x0000000100000000)
  eden space 117248K, 100% used [0x00000000eaa80000,0x00000000f1d00000,0x00000000f1d00000)
  from space 116224K, 0% used [0x00000000f1d00000,0x00000000f1d00000,0x00000000f8e80000)
  to   space 116224K, 0% used [0x00000000f8e80000,0x00000000f8e80000,0x0000000100000000)
 ParOldGen       total 267776K, used 123956K [0x00000000c0000000, 0x00000000d0580000, 0x00000000eaa80000)
  object space 267776K, 46% used [0x00000000c0000000,0x00000000c790d1d0,0x00000000d0580000)
 PSPermGen       total 21504K, used 5572K [0x00000000bae00000, 0x00000000bc300000, 0x00000000c0000000)
  object space 21504K, 25% used [0x00000000bae00000,0x00000000bb3712f8,0x00000000bc300000)
Event: 19,125 GC heap after
Heap after GC invocations=15 (full 3):
 PSYoungGen      total 233472K, used 22505K [0x00000000eaa80000, 0x0000000100000000, 0x0000000100000000)
  eden space 117248K, 0% used [0x00000000eaa80000,0x00000000eaa80000,0x00000000f1d00000)
  from space 116224K, 19% used [0x00000000f8e80000,0x00000000fa47a4e0,0x0000000100000000)
  to   space 116224K, 0% used [0x00000000f1d00000,0x00000000f1d00000,0x00000000f8e80000)
 ParOldGen       total 267776K, used 123956K [0x00000000c0000000, 0x00000000d0580000, 0x00000000eaa80000)
  object space 267776K, 46% used [0x00000000c0000000,0x00000000c790d1d0,0x00000000d0580000)
 PSPermGen       total 21504K, used 5572K [0x00000000bae00000, 0x00000000bc300000, 0x00000000c0000000)
  object space 21504K, 25% used [0x00000000bae00000,0x00000000bb3712f8,0x00000000bc300000)
}
Event: 21,623 GC heap before
{Heap before GC invocations=16 (full 3):
 PSYoungGen      total 233472K, used 139753K [0x00000000eaa80000, 0x0000000100000000, 0x0000000100000000)
  eden space 117248K, 100% used [0x00000000eaa80000,0x00000000f1d00000,0x00000000f1d00000)
  from space 116224K, 19% used [0x00000000f8e80000,0x00000000fa47a4e0,0x0000000100000000)
  to   space 116224K, 0% used [0x00000000f1d00000,0x00000000f1d00000,0x00000000f8e80000)
 ParOldGen       total 267776K, used 123956K [0x00000000c0000000, 0x00000000d0580000, 0x00000000eaa80000)
  object space 267776K, 46% used [0x00000000c0000000,0x00000000c790d1d0,0x00000000d0580000)
 PSPermGen       total 21504K, used 5816K [0x00000000bae00000, 0x00000000bc300000, 0x00000000c0000000)
  object space 21504K, 27% used [0x00000000bae00000,0x00000000bb3ae278,0x00000000bc300000)

