# JRE version: Java(TM) SE Runtime Environment (7.0_75-b13) (build 1.7.0_75-b13)
# Java VM: Java HotSpot(TM) 64-Bit Server VM (24.75-b04 mixed mode linux-amd64 compressed oops)
Heap
 PSYoungGen      total 254976K, used 60488K [0x00000000eaa80000, 0x0000000100000000, 0x0000000100000000)
  eden space 160256K, 6% used [0x00000000eaa80000,0x00000000eb3ef858,0x00000000f4700000)
  from space 94720K, 53% used [0x00000000fa380000,0x00000000fd522968,0x0000000100000000)
  to   space 94720K, 0% used [0x00000000f4700000,0x00000000f4700000,0x00000000fa380000)
 ParOldGen       total 171520K, used 112080K [0x00000000c0000000, 0x00000000ca780000, 0x00000000eaa80000)
  object space 171520K, 65% used [0x00000000c0000000,0x00000000c6d74310,0x00000000ca780000)
 PSPermGen       total 21504K, used 5914K [0x00000000bae00000, 0x00000000bc300000, 0x00000000c0000000)
  object space 21504K, 27% used [0x00000000bae00000,0x00000000bb3c6880,0x00000000bc300000)
GC Heap History (10 events):
Event: 13,309 GC heap before
{Heap before GC invocations=10 (full 2):
 PSYoungGen      total 257536K, used 239911K [0x00000000eaa80000, 0x0000000100000000, 0x0000000100000000)
  eden space 192512K, 100% used [0x00000000eaa80000,0x00000000f6680000,0x00000000f6680000)
  from space 65024K, 72% used [0x00000000f6680000,0x00000000f94c9d48,0x00000000fa600000)
  to   space 67072K, 0% used [0x00000000fbe80000,0x00000000fbe80000,0x0000000100000000)
 ParOldGen       total 171520K, used 55620K [0x00000000c0000000, 0x00000000ca780000, 0x00000000eaa80000)
  object space 171520K, 32% used [0x00000000c0000000,0x00000000c36513f0,0x00000000ca780000)
 PSPermGen       total 21504K, used 5508K [0x00000000bae00000, 0x00000000bc300000, 0x00000000c0000000)
  object space 21504K, 25% used [0x00000000bae00000,0x00000000bb3613a0,0x00000000bc300000)
Event: 13,451 GC heap after
Heap after GC invocations=10 (full 2):
 PSYoungGen      total 252928K, used 67052K [0x00000000eaa80000, 0x0000000100000000, 0x0000000100000000)
  eden space 185856K, 0% used [0x00000000eaa80000,0x00000000eaa80000,0x00000000f6000000)
  from space 67072K, 99% used [0x00000000fbe80000,0x00000000ffffb170,0x0000000100000000)
  to   space 81920K, 0% used [0x00000000f6000000,0x00000000f6000000,0x00000000fb000000)
 ParOldGen       total 171520K, used 67342K [0x00000000c0000000, 0x00000000ca780000, 0x00000000eaa80000)
  object space 171520K, 39% used [0x00000000c0000000,0x00000000c41c3890,0x00000000ca780000)
 PSPermGen       total 21504K, used 5508K [0x00000000bae00000, 0x00000000bc300000, 0x00000000c0000000)
  object space 21504K, 25% used [0x00000000bae00000,0x00000000bb3613a0,0x00000000bc300000)
}
Event: 15,160 GC heap before
{Heap before GC invocations=11 (full 2):
 PSYoungGen      total 252928K, used 252908K [0x00000000eaa80000, 0x0000000100000000, 0x0000000100000000)
  eden space 185856K, 100% used [0x00000000eaa80000,0x00000000f6000000,0x00000000f6000000)
  from space 67072K, 99% used [0x00000000fbe80000,0x00000000ffffb170,0x0000000100000000)
  to   space 81920K, 0% used [0x00000000f6000000,0x00000000f6000000,0x00000000fb000000)
 ParOldGen       total 171520K, used 67342K [0x00000000c0000000, 0x00000000ca780000, 0x00000000eaa80000)
  object space 171520K, 39% used [0x00000000c0000000,0x00000000c41c3890,0x00000000ca780000)
 PSPermGen       total 21504K, used 5529K [0x00000000bae00000, 0x00000000bc300000, 0x00000000c0000000)
  object space 21504K, 25% used [0x00000000bae00000,0x00000000bb366498,0x00000000bc300000)
Event: 15,319 GC heap after
Heap after GC invocations=11 (full 2):
 PSYoungGen      total 267776K, used 48050K [0x00000000eaa80000, 0x0000000100000000, 0x0000000100000000)
  eden space 185856K, 0% used [0x00000000eaa80000,0x00000000eaa80000,0x00000000f6000000)
  from space 81920K, 58% used [0x00000000f6000000,0x00000000f8eec858,0x00000000fb000000)
  to   space 79872K, 0% used [0x00000000fb200000,0x00000000fb200000,0x0000000100000000)
 ParOldGen       total 171520K, used 67342K [0x00000000c0000000, 0x00000000ca780000, 0x00000000eaa80000)
  object space 171520K, 39% used [0x00000000c0000000,0x00000000c41c3890,0x00000000ca780000)
 PSPermGen       total 21504K, used 5529K [0x00000000bae00000, 0x00000000bc300000, 0x00000000c0000000)
  object space 21504K, 25% used [0x00000000bae00000,0x00000000bb366498,0x00000000bc300000)
}
Event: 17,382 GC heap before
{Heap before GC invocations=12 (full 2):
 PSYoungGen      total 267776K, used 233906K [0x00000000eaa80000, 0x0000000100000000, 0x0000000100000000)
  eden space 185856K, 100% used [0x00000000eaa80000,0x00000000f6000000,0x00000000f6000000)
  from space 81920K, 58% used [0x00000000f6000000,0x00000000f8eec858,0x00000000fb000000)
  to   space 79872K, 0% used [0x00000000fb200000,0x00000000fb200000,0x0000000100000000)
 ParOldGen       total 171520K, used 67342K [0x00000000c0000000, 0x00000000ca780000, 0x00000000eaa80000)
  object space 171520K, 39% used [0x00000000c0000000,0x00000000c41c3890,0x00000000ca780000)
 PSPermGen       total 21504K, used 5552K [0x00000000bae00000, 0x00000000bc300000, 0x00000000c0000000)
  object space 21504K, 25% used [0x00000000bae00000,0x00000000bb36c3a8,0x00000000bc300000)
Event: 17,589 GC heap after
Heap after GC invocations=12 (full 2):
 PSYoungGen      total 250368K, used 78066K [0x00000000eaa80000, 0x0000000100000000, 0x0000000100000000)
  eden space 170496K, 0% used [0x00000000eaa80000,0x00000000eaa80000,0x00000000f5100000)
  from space 79872K, 97% used [0x00000000fb200000,0x00000000ffe3cbc0,0x0000000100000000)
  to   space 89600K, 0% used [0x00000000f5100000,0x00000000f5100000,0x00000000fa880000)
 ParOldGen       total 171520K, used 79445K [0x00000000c0000000, 0x00000000ca780000, 0x00000000eaa80000)
  object space 171520K, 46% used [0x00000000c0000000,0x00000000c4d95728,0x00000000ca780000)
 PSPermGen       total 21504K, used 5552K [0x00000000bae00000, 0x00000000bc300000, 0x00000000c0000000)
  object space 21504K, 25% used [0x00000000bae00000,0x00000000bb36c3a8,0x00000000bc300000)
}
Event: 18,281 GC heap before
{Heap before GC invocations=13 (full 2):
 PSYoungGen      total 250368K, used 248562K [0x00000000eaa80000, 0x0000000100000000, 0x0000000100000000)
  eden space 170496K, 100% used [0x00000000eaa80000,0x00000000f5100000,0x00000000f5100000)
  from space 79872K, 97% used [0x00000000fb200000,0x00000000ffe3cbc0,0x0000000100000000)
  to   space 89600K, 0% used [0x00000000f5100000,0x00000000f5100000,0x00000000fa880000)
 ParOldGen       total 171520K, used 79445K [0x00000000c0000000, 0x00000000ca780000, 0x00000000eaa80000)
  object space 171520K, 46% used [0x00000000c0000000,0x00000000c4d95728,0x00000000ca780000)
 PSPermGen       total 21504K, used 5552K [0x00000000bae00000, 0x00000000bc300000, 0x00000000c0000000)
  object space 21504K, 25% used [0x00000000bae00000,0x00000000bb36c3a8,0x00000000bc300000)
Event: 18,437 GC heap after
Heap after GC invocations=13 (full 2):
 PSYoungGen      total 254976K, used 83992K [0x00000000eaa80000, 0x0000000100000000, 0x0000000100000000)
  eden space 170496K, 0% used [0x00000000eaa80000,0x00000000eaa80000,0x00000000f5100000)
  from space 84480K, 99% used [0x00000000f5100000,0x00000000fa306188,0x00000000fa380000)
  to   space 94720K, 0% used [0x00000000fa380000,0x00000000fa380000,0x0000000100000000)
 ParOldGen       total 171520K, used 89254K [0x00000000c0000000, 0x00000000ca780000, 0x00000000eaa80000)
  object space 171520K, 52% used [0x00000000c0000000,0x00000000c5729bb8,0x00000000ca780000)
 PSPermGen       total 21504K, used 5552K [0x00000000bae00000, 0x00000000bc300000, 0x00000000c0000000)
  object space 21504K, 25% used [0x00000000bae00000,0x00000000bb36c3a8,0x00000000bc300000)
}
Event: 20,210 GC heap before
{Heap before GC invocations=14 (full 2):
 PSYoungGen      total 254976K, used 254488K [0x00000000eaa80000, 0x0000000100000000, 0x0000000100000000)
  eden space 170496K, 100% used [0x00000000eaa80000,0x00000000f5100000,0x00000000f5100000)
  from space 84480K, 99% used [0x00000000f5100000,0x00000000fa306188,0x00000000fa380000)
  to   space 94720K, 0% used [0x00000000fa380000,0x00000000fa380000,0x0000000100000000)
 ParOldGen       total 171520K, used 89254K [0x00000000c0000000, 0x00000000ca780000, 0x00000000eaa80000)
  object space 171520K, 52% used [0x00000000c0000000,0x00000000c5729bb8,0x00000000ca780000)
 PSPermGen       total 21504K, used 5625K [0x00000000bae00000, 0x00000000bc300000, 0x00000000c0000000)
  object space 21504K, 26% used [0x00000000bae00000,0x00000000bb37e508,0x00000000bc300000)
Event: 20,354 GC heap after
Heap after GC invocations=14 (full 2):
 PSYoungGen      total 254976K, used 50826K [0x00000000eaa80000, 0x0000000100000000, 0x0000000100000000)
  eden space 160256K, 0% used [0x00000000eaa80000,0x00000000eaa80000,0x00000000f4700000)
  from space 94720K, 53% used [0x00000000fa380000,0x00000000fd522968,0x0000000100000000)
  to   space 94720K, 0% used [0x00000000f4700000,0x00000000f4700000,0x00000000fa380000)
 ParOldGen       total 171520K, used 112080K [0x00000000c0000000, 0x00000000ca780000, 0x00000000eaa80000)
  object space 171520K, 65% used [0x00000000c0000000,0x00000000c6d74310,0x00000000ca780000)
 PSPermGen       total 21504K, used 5625K [0x00000000bae00000, 0x00000000bc300000, 0x00000000c0000000)
  object space 21504K, 26% used [0x00000000bae00000,0x00000000bb37e508,0x00000000bc300000)
}

